Started GET "/" for 127.0.0.1 at 2023-08-26 07:51:51 +0800
Processing by Rails::WelcomeController#index as HTML
  Rendering /home/student/.asdf/installs/ruby/3.2.2/lib/ruby/gems/3.2.0/gems/railties-7.0.7.2/lib/rails/templates/rails/welcome/index.html.erb
  Rendered /home/student/.asdf/installs/ruby/3.2.2/lib/ruby/gems/3.2.0/gems/railties-7.0.7.2/lib/rails/templates/rails/welcome/index.html.erb (Duration: 1.4ms | Allocations: 633)
Completed 200 OK in 22ms (Views: 5.4ms | ActiveRecord: 0.0ms | Allocations: 7368)


Started GET "/" for 127.0.0.1 at 2023-08-26 07:54:57 +0800
Processing by HomeController#index as HTML
  Rendering layout layouts/application.html.erb
  Rendering home/index.html.erb within layouts/application
  Rendered home/index.html.erb within layouts/application (Duration: 0.6ms | Allocations: 108)
  Rendered layout layouts/application.html.erb (Duration: 300.0ms | Allocations: 85717)
Completed 200 OK in 303ms (Views: 302.2ms | ActiveRecord: 0.0ms | Allocations: 86676)


Started GET "/" for 127.0.0.1 at 2023-08-26 07:59:42 +0800
Processing by HomeController#index as HTML
  Rendering layout layouts/application.html.erb
  Rendering home/index.html.erb within layouts/application
  Rendered home/index.html.erb within layouts/application (Duration: 0.4ms | Allocations: 110)
  Rendered layout layouts/application.html.erb (Duration: 12.6ms | Allocations: 13386)
Completed 200 OK in 15ms (Views: 14.0ms | ActiveRecord: 0.0ms | Allocations: 14285)


Started GET "/about" for 127.0.0.1 at 2023-08-26 07:59:48 +0800
Processing by AboutController#index as HTML
  Rendering layout layouts/application.html.erb
  Rendering about/index.html.erb within layouts/application
  Rendered about/index.html.erb within layouts/application (Duration: 0.7ms | Allocations: 107)
  Rendered layout layouts/application.html.erb (Duration: 8.9ms | Allocations: 2461)
Completed 200 OK in 24ms (Views: 23.7ms | ActiveRecord: 0.0ms | Allocations: 3102)


